{
  "stats": {
    "suites": 12,
    "tests": 41,
    "passes": 25,
    "pending": 0,
    "failures": 16,
    "start": "2021-12-16T14:16:36.640Z",
    "end": "2021-12-16T14:18:40.436Z",
    "duration": 123796,
    "testsRegistered": 41,
    "passPercent": 60.97560975609756,
    "pendingPercent": 0,
    "other": 0,
    "hasOther": false,
    "skipped": 0,
    "hasSkipped": false
  },
  "results": [
    {
      "uuid": "9658ed97-9ad5-4819-8798-c8a714661424",
      "title": "",
      "fullFile": "cypress/integration/project.spec.js",
      "file": "cypress/integration/project.spec.js",
      "beforeHooks": [],
      "afterHooks": [],
      "tests": [],
      "suites": [
        {
          "uuid": "c0771377-56ce-49ca-9e31-819957d86216",
          "title": "1 - Adicione à página o título \"Paleta de Cores\".",
          "fullFile": "",
          "file": "",
          "beforeHooks": [],
          "afterHooks": [],
          "tests": [
            {
              "title": "Verifica se contém um elemento `h1` com o id `title` com o título correto",
              "fullTitle": "1 - Adicione à página o título \"Paleta de Cores\". Verifica se contém um elemento `h1` com o id `title` com o título correto",
              "timedOut": null,
              "duration": 1157,
              "state": "passed",
              "speed": "slow",
              "pass": true,
              "fail": false,
              "pending": false,
              "context": null,
              "code": "cy.get('h1#title').should('contain.text', 'Paleta de Cores');",
              "err": {},
              "uuid": "d52d01aa-e95a-467a-a8ba-d6199a10cb0b",
              "parentUUID": "c0771377-56ce-49ca-9e31-819957d86216",
              "isHook": false,
              "skipped": false
            }
          ],
          "suites": [],
          "passes": [
            "d52d01aa-e95a-467a-a8ba-d6199a10cb0b"
          ],
          "failures": [],
          "pending": [],
          "skipped": [],
          "duration": 1157,
          "root": false,
          "rootEmpty": false,
          "_timeout": 2000
        },
        {
          "uuid": "c48aeb90-eaa9-4d7d-9627-cb54443566fd",
          "title": "2 - Adicione à página uma paleta de quatro cores distintas.",
          "fullFile": "",
          "file": "",
          "beforeHooks": [],
          "afterHooks": [],
          "tests": [
            {
              "title": "A paleta de cores deve ser um elemento com `id` denominado `color-palette`",
              "fullTitle": "2 - Adicione à página uma paleta de quatro cores distintas. A paleta de cores deve ser um elemento com `id` denominado `color-palette`",
              "timedOut": null,
              "duration": 238,
              "state": "passed",
              "speed": "slow",
              "pass": true,
              "fail": false,
              "pending": false,
              "context": null,
              "code": "cy.get('#color-palette').should('be.visible');\ncy.get('#color-palette').children('.color');",
              "err": {},
              "uuid": "6c7bb6e1-ffc4-4070-9774-abdaa362bf3d",
              "parentUUID": "c48aeb90-eaa9-4d7d-9627-cb54443566fd",
              "isHook": false,
              "skipped": false
            },
            {
              "title": "Verifica se cada cor individual da paleta de cores possui a `classe` chamada `color`.",
              "fullTitle": "2 - Adicione à página uma paleta de quatro cores distintas. Verifica se cada cor individual da paleta de cores possui a `classe` chamada `color`.",
              "timedOut": null,
              "duration": 437,
              "state": "passed",
              "speed": "slow",
              "pass": true,
              "fail": false,
              "pending": false,
              "context": null,
              "code": "cy.get('.color').should('have.length', 4).then(function (colors) {\n  for (var i = 0; i < colors.length; i++) {\n    cy.wrap(colors[i]).should('be.visible');\n  }\n});",
              "err": {},
              "uuid": "395b57f7-1541-4c8a-869f-c6cb09e42c5a",
              "parentUUID": "c48aeb90-eaa9-4d7d-9627-cb54443566fd",
              "isHook": false,
              "skipped": false
            },
            {
              "title": "Verifica se a cor de fundo de cada elemento da paleta é a cor que o elemento representa. **A única cor não permitida na paleta é a cor branca.**",
              "fullTitle": "2 - Adicione à página uma paleta de quatro cores distintas. Verifica se a cor de fundo de cada elemento da paleta é a cor que o elemento representa. **A única cor não permitida na paleta é a cor branca.**",
              "timedOut": null,
              "duration": 476,
              "state": "passed",
              "speed": "slow",
              "pass": true,
              "fail": false,
              "pending": false,
              "context": null,
              "code": "cy.get('.color').each(function (color) {\n  cy.wrap(color).should('have.class', 'color').and('not.have.css', 'background-color', WHITE);\n  cy.wrap(color).should('have.css', 'background-color');\n});",
              "err": {},
              "uuid": "79581ed7-06dc-4038-b238-22dc3d010f86",
              "parentUUID": "c48aeb90-eaa9-4d7d-9627-cb54443566fd",
              "isHook": false,
              "skipped": false
            },
            {
              "title": "Verifica se cada elemento da paleta de cores tem uma borda preta, sólida e com 1 pixel de largura;",
              "fullTitle": "2 - Adicione à página uma paleta de quatro cores distintas. Verifica se cada elemento da paleta de cores tem uma borda preta, sólida e com 1 pixel de largura;",
              "timedOut": null,
              "duration": 363,
              "state": "passed",
              "speed": "slow",
              "pass": true,
              "fail": false,
              "pending": false,
              "context": null,
              "code": "cy.get('.color').each(function (color) {\n  cy.wrap(color).and('have.css', 'border', \"1px solid \".concat(BLACK)).and('have.class', 'color');\n});",
              "err": {},
              "uuid": "8b4d4713-21c7-4cd1-87ce-2ecbfafadea6",
              "parentUUID": "c48aeb90-eaa9-4d7d-9627-cb54443566fd",
              "isHook": false,
              "skipped": false
            },
            {
              "title": "Verifica se a paleta lista todas as cores disponíveis para utilização, lado a lado.",
              "fullTitle": "2 - Adicione à página uma paleta de quatro cores distintas. Verifica se a paleta lista todas as cores disponíveis para utilização, lado a lado.",
              "timedOut": null,
              "duration": 354,
              "state": "passed",
              "speed": "slow",
              "pass": true,
              "fail": false,
              "pending": false,
              "context": null,
              "code": "cy.get('.color').then(function (colors) {\n  for (var index = 1; index < colors.length; index += 1) {\n    var currentColor = colors[index];\n    var previousColor = colors[index - 1];\n    cy.wrap(currentColor).should('be.onTheRightOf', previousColor).and('be.horizontallyAlignedWith', previousColor);\n  }\n});",
              "err": {},
              "uuid": "66e31985-c981-42e7-8553-c002b6a76bc1",
              "parentUUID": "c48aeb90-eaa9-4d7d-9627-cb54443566fd",
              "isHook": false,
              "skipped": false
            },
            {
              "title": "Verifica se a paleta de cores está posicionada abaixo do título 'Paleta de Cores'",
              "fullTitle": "2 - Adicione à página uma paleta de quatro cores distintas. Verifica se a paleta de cores está posicionada abaixo do título 'Paleta de Cores'",
              "timedOut": null,
              "duration": 318,
              "state": "passed",
              "speed": "slow",
              "pass": true,
              "fail": false,
              "pending": false,
              "context": null,
              "code": "cy.get('h1#title').then(function (title) {\n  cy.get('#color-palette').should('be.belowOf', title);\n});",
              "err": {},
              "uuid": "0f7093c8-84e1-4a3d-9688-7db6551a4dd7",
              "parentUUID": "c48aeb90-eaa9-4d7d-9627-cb54443566fd",
              "isHook": false,
              "skipped": false
            },
            {
              "title": "Verifica se a paleta de cores não contém cores repetidas.",
              "fullTitle": "2 - Adicione à página uma paleta de quatro cores distintas. Verifica se a paleta de cores não contém cores repetidas.",
              "timedOut": null,
              "duration": 286,
              "state": "passed",
              "speed": "slow",
              "pass": true,
              "fail": false,
              "pending": false,
              "context": null,
              "code": "cy.get('.color').then(function (colors) {\n  var allColors = Array.from(colors).map(function (color) {\n    return Cypress.$(color).css('background-color');\n  });\n  cy.log(allColors);\n  var uniqColors = (0, _toConsumableArray2[\"default\"])(new Set(allColors));\n  cy.log(uniqColors);\n  expect(allColors.length).to.eq(uniqColors.length);\n});",
              "err": {},
              "uuid": "a9e500fd-03e3-4a1b-836e-8de26a9b7dfa",
              "parentUUID": "c48aeb90-eaa9-4d7d-9627-cb54443566fd",
              "isHook": false,
              "skipped": false
            }
          ],
          "suites": [],
          "passes": [
            "6c7bb6e1-ffc4-4070-9774-abdaa362bf3d",
            "395b57f7-1541-4c8a-869f-c6cb09e42c5a",
            "79581ed7-06dc-4038-b238-22dc3d010f86",
            "8b4d4713-21c7-4cd1-87ce-2ecbfafadea6",
            "66e31985-c981-42e7-8553-c002b6a76bc1",
            "0f7093c8-84e1-4a3d-9688-7db6551a4dd7",
            "a9e500fd-03e3-4a1b-836e-8de26a9b7dfa"
          ],
          "failures": [],
          "pending": [],
          "skipped": [],
          "duration": 2472,
          "root": false,
          "rootEmpty": false,
          "_timeout": 2000
        },
        {
          "uuid": "89c50ed9-bb58-48da-8d56-744d51c633f1",
          "title": "3 - Adicione a cor **preta** como a primeira cor da paleta de cores.",
          "fullFile": "",
          "file": "",
          "beforeHooks": [],
          "afterHooks": [],
          "tests": [
            {
              "title": "Verifica se a primeira cor da paleta é preta",
              "fullTitle": "3 - Adicione a cor **preta** como a primeira cor da paleta de cores. Verifica se a primeira cor da paleta é preta",
              "timedOut": null,
              "duration": 224,
              "state": "passed",
              "speed": "slow",
              "pass": true,
              "fail": false,
              "pending": false,
              "context": null,
              "code": "cy.get('.color').first().should('have.css', 'background-color', BLACK);",
              "err": {},
              "uuid": "a81757a6-9bbe-4133-8e38-1465e98251a3",
              "parentUUID": "89c50ed9-bb58-48da-8d56-744d51c633f1",
              "isHook": false,
              "skipped": false
            },
            {
              "title": "Verifica se as demais cores podem ser escolhidas livremente.",
              "fullTitle": "3 - Adicione a cor **preta** como a primeira cor da paleta de cores. Verifica se as demais cores podem ser escolhidas livremente.",
              "timedOut": null,
              "duration": 981,
              "state": "passed",
              "speed": "slow",
              "pass": true,
              "fail": false,
              "pending": false,
              "context": null,
              "code": "cy.get('.color').eq(1).should('not.have.css', 'background-color', BLACK);\ncy.get('.color').eq(1).should('not.have.css', 'background-color', WHITE);\ncy.get('.color').eq(1).should('not.have.css', 'background-color', 'rgba(0, 0, 0, 0)');\ncy.get('.color').eq(1).should('have.css', 'background-color');\ncy.get('.color').eq(2).should('not.have.css', 'background-color', BLACK);\ncy.get('.color').eq(2).should('not.have.css', 'background-color', WHITE);\ncy.get('.color').eq(2).should('not.have.css', 'background-color', 'rgba(0, 0, 0, 0)');\ncy.get('.color').eq(2).should('have.css', 'background-color');\ncy.get('.color').eq(3).should('not.have.css', 'background-color', BLACK);\ncy.get('.color').eq(3).should('not.have.css', 'background-color', WHITE);\ncy.get('.color').eq(3).should('not.have.css', 'background-color', 'rgba(0, 0, 0, 0)');\ncy.get('.color').eq(3).should('have.css', 'background-color');",
              "err": {},
              "uuid": "e501dcfc-02cf-4055-b67b-8b436a0dac3a",
              "parentUUID": "89c50ed9-bb58-48da-8d56-744d51c633f1",
              "isHook": false,
              "skipped": false
            }
          ],
          "suites": [],
          "passes": [
            "a81757a6-9bbe-4133-8e38-1465e98251a3",
            "e501dcfc-02cf-4055-b67b-8b436a0dac3a"
          ],
          "failures": [],
          "pending": [],
          "skipped": [],
          "duration": 1205,
          "root": false,
          "rootEmpty": false,
          "_timeout": 2000
        },
        {
          "uuid": "392f5a84-e2aa-439d-8700-3ddfb2aeb452",
          "title": "4 - Adicione à página um quadro de pixels, com 25 pixels.",
          "fullFile": "",
          "file": "",
          "beforeHooks": [],
          "afterHooks": [],
          "tests": [
            {
              "title": "Verifica se o quadro de pixels possui o `id` denominado `pixel-board`",
              "fullTitle": "4 - Adicione à página um quadro de pixels, com 25 pixels. Verifica se o quadro de pixels possui o `id` denominado `pixel-board`",
              "timedOut": null,
              "duration": 325,
              "state": "passed",
              "speed": "slow",
              "pass": true,
              "fail": false,
              "pending": false,
              "context": null,
              "code": "cy.get('#pixel-board').should('be.visible');",
              "err": {},
              "uuid": "293ee5c6-6c99-4f6f-bcaf-939ee949e69b",
              "parentUUID": "392f5a84-e2aa-439d-8700-3ddfb2aeb452",
              "isHook": false,
              "skipped": false
            },
            {
              "title": "Verifica se cada pixel individual dentro do quadro possui a `classe` denominada `pixel`.",
              "fullTitle": "4 - Adicione à página um quadro de pixels, com 25 pixels. Verifica se cada pixel individual dentro do quadro possui a `classe` denominada `pixel`.",
              "timedOut": null,
              "duration": 685,
              "state": "passed",
              "speed": "slow",
              "pass": true,
              "fail": false,
              "pending": false,
              "context": null,
              "code": "cy.get('.pixel').should('have.length', 25);",
              "err": {},
              "uuid": "dc0150f4-3909-420f-a8a1-9706c952427d",
              "parentUUID": "392f5a84-e2aa-439d-8700-3ddfb2aeb452",
              "isHook": false,
              "skipped": false
            },
            {
              "title": "Verifica se a cor inicial dos pixels dentro do quadro, ao abrir a página, é branca.",
              "fullTitle": "4 - Adicione à página um quadro de pixels, com 25 pixels. Verifica se a cor inicial dos pixels dentro do quadro, ao abrir a página, é branca.",
              "timedOut": null,
              "duration": 725,
              "state": "passed",
              "speed": "slow",
              "pass": true,
              "fail": false,
              "pending": false,
              "context": null,
              "code": "cy.get('.pixel').should('have.length', 25).each(function (pixel) {\n  expect(pixel).to.have.css('background-color', WHITE);\n});",
              "err": {},
              "uuid": "1ed96aa9-0731-4874-a81d-bd23769c9aab",
              "parentUUID": "392f5a84-e2aa-439d-8700-3ddfb2aeb452",
              "isHook": false,
              "skipped": false
            },
            {
              "title": "Verifica se o quadro de pixels aparece abaixo da paleta de cores",
              "fullTitle": "4 - Adicione à página um quadro de pixels, com 25 pixels. Verifica se o quadro de pixels aparece abaixo da paleta de cores",
              "timedOut": null,
              "duration": 655,
              "state": "passed",
              "speed": "slow",
              "pass": true,
              "fail": false,
              "pending": false,
              "context": null,
              "code": "cy.get('#color-palette').then(function (palette) {\n  cy.get('#pixel-board').should('be.belowOf', palette);\n});",
              "err": {},
              "uuid": "cb38b600-fded-4b2b-9e31-089ca28c1e18",
              "parentUUID": "392f5a84-e2aa-439d-8700-3ddfb2aeb452",
              "isHook": false,
              "skipped": false
            }
          ],
          "suites": [],
          "passes": [
            "293ee5c6-6c99-4f6f-bcaf-939ee949e69b",
            "dc0150f4-3909-420f-a8a1-9706c952427d",
            "1ed96aa9-0731-4874-a81d-bd23769c9aab",
            "cb38b600-fded-4b2b-9e31-089ca28c1e18"
          ],
          "failures": [],
          "pending": [],
          "skipped": [],
          "duration": 2390,
          "root": false,
          "rootEmpty": false,
          "_timeout": 2000
        },
        {
          "uuid": "7e6d7379-65f5-44cc-a5ec-cc77bac50389",
          "title": "5 - Faça com que cada elemento do quadro de pixels possua 40 pixels de largura, 40 pixels de altura e seja delimitado por uma borda preta de 1 pixel.",
          "fullFile": "",
          "file": "",
          "beforeHooks": [],
          "afterHooks": [],
          "tests": [
            {
              "title": "Verifica se o quadro de pixels tem altura e comprimento de 5 elementos",
              "fullTitle": "5 - Faça com que cada elemento do quadro de pixels possua 40 pixels de largura, 40 pixels de altura e seja delimitado por uma borda preta de 1 pixel. Verifica se o quadro de pixels tem altura e comprimento de 5 elementos",
              "timedOut": null,
              "duration": 1116,
              "state": "passed",
              "speed": "slow",
              "pass": true,
              "fail": false,
              "pending": false,
              "context": null,
              "code": "cy.get('.pixel').should('have.length', 25).each(function (pixel) {\n  expect(pixel).to.have.css('background-color', WHITE);\n}).and(function (pixels) {\n  var rows = chunk(pixels, 5);\n  rows.forEach(function (row) {\n    for (var index = 1; index < row.length; index += 1) {\n      var current = pixels[index];\n      var previous = pixels[index - 1];\n      cy.wrap(current).should('be.onTheRightOf', previous).and('be.horizontallyAlignedWith', previous);\n    }\n  });\n  for (var index = 1; index < 5; index += 1) {\n    expect(pixels[index * 5]).to.be.belowOf(pixels[(index - 1) * 5]);\n  }\n});",
              "err": {},
              "uuid": "767b329c-c1c6-4c10-88b3-0259806a3dea",
              "parentUUID": "7e6d7379-65f5-44cc-a5ec-cc77bac50389",
              "isHook": false,
              "skipped": false
            },
            {
              "title": "Verifica se 40 pixels é o tamanho total do elemento, incluindo seu conteúdo e excluindo a borda preta, que deve ser criada à parte.",
              "fullTitle": "5 - Faça com que cada elemento do quadro de pixels possua 40 pixels de largura, 40 pixels de altura e seja delimitado por uma borda preta de 1 pixel. Verifica se 40 pixels é o tamanho total do elemento, incluindo seu conteúdo e excluindo a borda preta, que deve ser criada à parte.",
              "timedOut": null,
              "duration": 1173,
              "state": "passed",
              "speed": "slow",
              "pass": true,
              "fail": false,
              "pending": false,
              "context": null,
              "code": "cy.get('.pixel').each(function (pixel) {\n  cy.wrap(pixel).should('have.css', 'height', '40px').and('have.css', 'width', '40px').and('have.css', 'border', \"1px solid \".concat(BLACK));\n});",
              "err": {},
              "uuid": "44bbc5e8-7207-4d62-b849-000259baf2ba",
              "parentUUID": "7e6d7379-65f5-44cc-a5ec-cc77bac50389",
              "isHook": false,
              "skipped": false
            }
          ],
          "suites": [],
          "passes": [
            "767b329c-c1c6-4c10-88b3-0259806a3dea",
            "44bbc5e8-7207-4d62-b849-000259baf2ba"
          ],
          "failures": [],
          "pending": [],
          "skipped": [],
          "duration": 2289,
          "root": false,
          "rootEmpty": false,
          "_timeout": 2000
        },
        {
          "uuid": "22a671bc-a120-4fcb-8948-4d0355da54e3",
          "title": "6 - Defina a cor preta como cor inicial. Ao carregar a página a cor preta já deve estar selecionada para pintar os pixels",
          "fullFile": "",
          "file": "",
          "beforeHooks": [],
          "afterHooks": [],
          "tests": [
            {
              "title": "Verifica se o elemento da cor preta possui, inicialmente, a `classe` `selected`",
              "fullTitle": "6 - Defina a cor preta como cor inicial. Ao carregar a página a cor preta já deve estar selecionada para pintar os pixels Verifica se o elemento da cor preta possui, inicialmente, a `classe` `selected`",
              "timedOut": null,
              "duration": 263,
              "state": "passed",
              "speed": "slow",
              "pass": true,
              "fail": false,
              "pending": false,
              "context": null,
              "code": "cy.get('.selected').first().should('have.css', 'background-color', BLACK);",
              "err": {},
              "uuid": "e82fba8b-62b6-4231-bdb2-da53d22c16e5",
              "parentUUID": "22a671bc-a120-4fcb-8948-4d0355da54e3",
              "isHook": false,
              "skipped": false
            },
            {
              "title": "Verifica se nenhuma outra cor da paleta tem a `classe` `selected`",
              "fullTitle": "6 - Defina a cor preta como cor inicial. Ao carregar a página a cor preta já deve estar selecionada para pintar os pixels Verifica se nenhuma outra cor da paleta tem a `classe` `selected`",
              "timedOut": null,
              "duration": 353,
              "state": "passed",
              "speed": "slow",
              "pass": true,
              "fail": false,
              "pending": false,
              "context": null,
              "code": "cy.get('.color:not(:first-child)').each(function (color) {\n  cy.wrap(color).should('not.have.class', 'selected');\n});",
              "err": {},
              "uuid": "b16e4d51-9596-4e87-9b59-b2dcc444c208",
              "parentUUID": "22a671bc-a120-4fcb-8948-4d0355da54e3",
              "isHook": false,
              "skipped": false
            }
          ],
          "suites": [],
          "passes": [
            "e82fba8b-62b6-4231-bdb2-da53d22c16e5",
            "b16e4d51-9596-4e87-9b59-b2dcc444c208"
          ],
          "failures": [],
          "pending": [],
          "skipped": [],
          "duration": 616,
          "root": false,
          "rootEmpty": false,
          "_timeout": 2000
        },
        {
          "uuid": "f900d396-6337-4a24-b103-ed0aef61031a",
          "title": "7 - Clicar em uma das cores da paleta, faz com que ela seja selecionada e utilizada para preencher os pixels no quadro.",
          "fullFile": "",
          "file": "",
          "beforeHooks": [],
          "afterHooks": [],
          "tests": [
            {
              "title": "Verifica se somente uma cor da paleta de cores tem a classe `selected` de cada vez",
              "fullTitle": "7 - Clicar em uma das cores da paleta, faz com que ela seja selecionada e utilizada para preencher os pixels no quadro. Verifica se somente uma cor da paleta de cores tem a classe `selected` de cada vez",
              "timedOut": null,
              "duration": 750,
              "state": "passed",
              "speed": "slow",
              "pass": true,
              "fail": false,
              "pending": false,
              "context": null,
              "code": "cy.get('.color').each(function (selectedColor, selectedColorIndex) {\n  cy.wrap(selectedColor).click();\n  cy.get('.color').each(function (color, colorIndex) {\n    if (colorIndex === selectedColorIndex) {\n      expect(color).to.have[\"class\"]('selected');\n    } else {\n      expect(color).not.to.have[\"class\"]('selected');\n    }\n  });\n});",
              "err": {},
              "uuid": "ae1e3b7f-07a1-4896-9439-fead49022ae2",
              "parentUUID": "f900d396-6337-4a24-b103-ed0aef61031a",
              "isHook": false,
              "skipped": false
            },
            {
              "title": "Verifica se os pixels dentro do quadro não têm a classe `selected` quando são clicados",
              "fullTitle": "7 - Clicar em uma das cores da paleta, faz com que ela seja selecionada e utilizada para preencher os pixels no quadro. Verifica se os pixels dentro do quadro não têm a classe `selected` quando são clicados",
              "timedOut": null,
              "duration": 10459,
              "state": "passed",
              "speed": "slow",
              "pass": true,
              "fail": false,
              "pending": false,
              "context": null,
              "code": "cy.get('.color').each(function (color) {\n  var backgroundColor = color.css('background-color');\n  cy.wrap(color).click();\n  cy.get('.pixel').each(function (pixel) {\n    cy.wrap(pixel).click().should('not.have.class', 'selected');\n  });\n});",
              "err": {},
              "uuid": "23d8e26c-56e1-44be-80e5-9112a08336a0",
              "parentUUID": "f900d396-6337-4a24-b103-ed0aef61031a",
              "isHook": false,
              "skipped": false
            }
          ],
          "suites": [],
          "passes": [
            "ae1e3b7f-07a1-4896-9439-fead49022ae2",
            "23d8e26c-56e1-44be-80e5-9112a08336a0"
          ],
          "failures": [],
          "pending": [],
          "skipped": [],
          "duration": 11209,
          "root": false,
          "rootEmpty": false,
          "_timeout": 2000
        },
        {
          "uuid": "a483fd40-41d6-4883-beaf-9badf9fd1c5a",
          "title": "8 - Clicar em um pixel dentro do quadro após selecionar uma cor na paleta, faz com que o pixel seja preenchido com a cor selecionada.",
          "fullFile": "",
          "file": "",
          "beforeHooks": [],
          "afterHooks": [],
          "tests": [
            {
              "title": "Verifica se ao carregar a página deve ser possível pintar os pixels de preto",
              "fullTitle": "8 - Clicar em um pixel dentro do quadro após selecionar uma cor na paleta, faz com que o pixel seja preenchido com a cor selecionada. Verifica se ao carregar a página deve ser possível pintar os pixels de preto",
              "timedOut": null,
              "duration": 2807,
              "state": "passed",
              "speed": "slow",
              "pass": true,
              "fail": false,
              "pending": false,
              "context": null,
              "code": "cy.get('.pixel').each(function (pixel) {\n  cy.wrap(pixel).click().should('have.css', 'background-color', BLACK);\n});",
              "err": {},
              "uuid": "97a8cf67-cd59-4900-90df-74ca74f120b4",
              "parentUUID": "a483fd40-41d6-4883-beaf-9badf9fd1c5a",
              "isHook": false,
              "skipped": false
            },
            {
              "title": "Verifica se após selecionar uma outra cor na paleta, é possível pintar os pixels com essa cor",
              "fullTitle": "8 - Clicar em um pixel dentro do quadro após selecionar uma cor na paleta, faz com que o pixel seja preenchido com a cor selecionada. Verifica se após selecionar uma outra cor na paleta, é possível pintar os pixels com essa cor",
              "timedOut": null,
              "duration": 10177,
              "state": "passed",
              "speed": "slow",
              "pass": true,
              "fail": false,
              "pending": false,
              "context": null,
              "code": "cy.get('.color').each(function (color) {\n  var backgroundColor = color.css('background-color');\n  cy.wrap(color).click();\n  cy.get('.pixel').each(function (pixel) {\n    cy.wrap(pixel).click().should('have.css', 'background-color', backgroundColor);\n  });\n});",
              "err": {},
              "uuid": "8edbe89a-70f8-4dd8-bb62-4a5894e84086",
              "parentUUID": "a483fd40-41d6-4883-beaf-9badf9fd1c5a",
              "isHook": false,
              "skipped": false
            },
            {
              "title": "Verifica se somente o pixel que foi clicado foi preenchido com a cor selecionada, sem influenciar na cor dos demais pixels.",
              "fullTitle": "8 - Clicar em um pixel dentro do quadro após selecionar uma cor na paleta, faz com que o pixel seja preenchido com a cor selecionada. Verifica se somente o pixel que foi clicado foi preenchido com a cor selecionada, sem influenciar na cor dos demais pixels.",
              "timedOut": null,
              "duration": 4987,
              "state": "passed",
              "speed": "slow",
              "pass": true,
              "fail": false,
              "pending": false,
              "context": null,
              "code": "var colorToPixelIndexMap = {\n  0: 6,\n  1: 8,\n  2: 16,\n  3: 18\n};\ncy.get('.color').each(function (color, index) {\n  cy.wrap(color).click();\n  var backgroundColor = color.css('background-color');\n  var clickedPixelIndex = colorToPixelIndexMap[index];\n  cy.get('.pixel').eq(clickedPixelIndex).click();\n  cy.get('.pixel').eq(clickedPixelIndex - 1).should('not.have.css', 'background-color', backgroundColor);\n  cy.get('.pixel').eq(clickedPixelIndex + 1).should('not.have.css', 'background-color', backgroundColor);\n  cy.get('.pixel').eq(clickedPixelIndex - 5).should('not.have.css', 'background-color', backgroundColor);\n  cy.get('.pixel').eq(clickedPixelIndex + 5).should('not.have.css', 'background-color', backgroundColor);\n  cy.get('.pixel').eq(clickedPixelIndex - 6).should('not.have.css', 'background-color', backgroundColor);\n  cy.get('.pixel').eq(clickedPixelIndex - 4).should('not.have.css', 'background-color', backgroundColor);\n  cy.get('.pixel').eq(clickedPixelIndex + 4).should('not.have.css', 'background-color', backgroundColor);\n  cy.get('.pixel').eq(clickedPixelIndex + 6).should('not.have.css', 'background-color', backgroundColor);\n});",
              "err": {},
              "uuid": "7ec96cf4-c53c-4278-961a-170ae6426e82",
              "parentUUID": "a483fd40-41d6-4883-beaf-9badf9fd1c5a",
              "isHook": false,
              "skipped": false
            }
          ],
          "suites": [],
          "passes": [
            "97a8cf67-cd59-4900-90df-74ca74f120b4",
            "8edbe89a-70f8-4dd8-bb62-4a5894e84086",
            "7ec96cf4-c53c-4278-961a-170ae6426e82"
          ],
          "failures": [],
          "pending": [],
          "skipped": [],
          "duration": 17971,
          "root": false,
          "rootEmpty": false,
          "_timeout": 2000
        },
        {
          "uuid": "9da233ad-7cf7-4a00-995d-4f2bc8862345",
          "title": "9 - Crie um botão que, ao ser clicado, limpa o quadro preenchendo a cor de todos seus pixels com branco.",
          "fullFile": "",
          "file": "",
          "beforeHooks": [],
          "afterHooks": [],
          "tests": [
            {
              "title": "Verifica se o botão tem o `id` denominado `clear-board`",
              "fullTitle": "9 - Crie um botão que, ao ser clicado, limpa o quadro preenchendo a cor de todos seus pixels com branco. Verifica se o botão tem o `id` denominado `clear-board`",
              "timedOut": null,
              "duration": 584,
              "state": "passed",
              "speed": "slow",
              "pass": true,
              "fail": false,
              "pending": false,
              "context": null,
              "code": "cy.get('#clear-board').should('be.visible');",
              "err": {},
              "uuid": "ac2ce350-2186-425f-963d-5719a5687b4e",
              "parentUUID": "9da233ad-7cf7-4a00-995d-4f2bc8862345",
              "isHook": false,
              "skipped": false
            },
            {
              "title": "Verifica se o botão está posicionado entre a paleta de cores e o quadro de pixels",
              "fullTitle": "9 - Crie um botão que, ao ser clicado, limpa o quadro preenchendo a cor de todos seus pixels com branco. Verifica se o botão está posicionado entre a paleta de cores e o quadro de pixels",
              "timedOut": null,
              "duration": 4845,
              "state": "failed",
              "speed": null,
              "pass": false,
              "fail": true,
              "pending": false,
              "context": null,
              "code": "cy.get('#color-palette').then(function (palette) {\n  cy.get('#clear-board').should('be.belowOf', palette);\n});\ncy.get('#clear-board').then(function (clearBtn) {\n  cy.get('#pixel-board').should('be.belowOf', clearBtn);\n});",
              "err": {
                "message": "CypressError: Timed out retrying: expected '<button#clear-board>' to be below of { Object (0, length, ...) }",
                "estack": "CypressError: Timed out retrying: expected '<button#clear-board>' to be below of { Object (0, length, ...) }\n    at cypressErr (http://localhost:58030/__cypress/runner/cypress_runner.js:149934:9)\n    at throwErr (http://localhost:58030/__cypress/runner/cypress_runner.js:149867:11)\n    at Object.throwErrByPath (http://localhost:58030/__cypress/runner/cypress_runner.js:149915:3)\n    at retry (http://localhost:58030/__cypress/runner/cypress_runner.js:144197:19)\n    at onFailFn (http://localhost:58030/__cypress/runner/cypress_runner.js:132448:16)\n    at tryCatcher (http://localhost:58030/__cypress/runner/cypress_runner.js:167415:23)\n    at Promise._settlePromiseFromHandler (http://localhost:58030/__cypress/runner/cypress_runner.js:165351:31)\n    at Promise._settlePromise (http://localhost:58030/__cypress/runner/cypress_runner.js:165408:18)\n    at Promise._settlePromise0 (http://localhost:58030/__cypress/runner/cypress_runner.js:165453:10)\n    at Promise._settlePromises (http://localhost:58030/__cypress/runner/cypress_runner.js:165528:18)\n    at Async../node_modules/bluebird/js/release/async.js.Async._drainQueue (http://localhost:58030/__cypress/runner/cypress_runner.js:162140:16)\n    at Async../node_modules/bluebird/js/release/async.js.Async._drainQueues (http://localhost:58030/__cypress/runner/cypress_runner.js:162150:10)\n    at Async.drainQueues (http://localhost:58030/__cypress/runner/cypress_runner.js:162024:14)",
                "diff": null
              },
              "uuid": "68c12e46-120e-41ba-8b9d-80afbfe7031b",
              "parentUUID": "9da233ad-7cf7-4a00-995d-4f2bc8862345",
              "isHook": false,
              "skipped": false
            },
            {
              "title": "Verifica se o texto do botão é 'Limpar'",
              "fullTitle": "9 - Crie um botão que, ao ser clicado, limpa o quadro preenchendo a cor de todos seus pixels com branco. Verifica se o texto do botão é 'Limpar'",
              "timedOut": null,
              "duration": 296,
              "state": "passed",
              "speed": "slow",
              "pass": true,
              "fail": false,
              "pending": false,
              "context": null,
              "code": "cy.get('#clear-board').should('contain.text', 'Limpar');",
              "err": {},
              "uuid": "ea0d6e2e-63ee-464d-8128-3b2e25a069c9",
              "parentUUID": "9da233ad-7cf7-4a00-995d-4f2bc8862345",
              "isHook": false,
              "skipped": false
            },
            {
              "title": "Verifica se ao clicar no botão, o quadro de pixels é totalmente preenchido de branco",
              "fullTitle": "9 - Crie um botão que, ao ser clicado, limpa o quadro preenchendo a cor de todos seus pixels com branco. Verifica se ao clicar no botão, o quadro de pixels é totalmente preenchido de branco",
              "timedOut": null,
              "duration": 7517,
              "state": "failed",
              "speed": null,
              "pass": false,
              "fail": true,
              "pending": false,
              "context": null,
              "code": "cy.get('.color').eq(1).then(function (color) {\n  var backgroundColor = color.css('background-color');\n  cy.wrap(color).click();\n  cy.get('.pixel').each(function (pixel) {\n    cy.wrap(pixel).click().should('have.css', 'background-color', backgroundColor);\n  });\n});\ncy.get('#clear-board').click();\ncy.get('.pixel').each(function (pixel) {\n  cy.wrap(pixel).should('have.css', 'background-color', WHITE);\n});",
              "err": {
                "message": "CypressError: Timed out retrying: expected '<div.pixel>' to have CSS property 'background-color' with the value 'rgb(255, 255, 255)', but the value was 'rgb(0, 0, 255)'",
                "estack": "CypressError: Timed out retrying: expected '<div.pixel>' to have CSS property 'background-color' with the value 'rgb(255, 255, 255)', but the value was 'rgb(0, 0, 255)'\n    at cypressErr (http://localhost:58030/__cypress/runner/cypress_runner.js:149934:9)\n    at throwErr (http://localhost:58030/__cypress/runner/cypress_runner.js:149867:11)\n    at Object.throwErrByPath (http://localhost:58030/__cypress/runner/cypress_runner.js:149915:3)\n    at retry (http://localhost:58030/__cypress/runner/cypress_runner.js:144197:19)\n    at onFailFn (http://localhost:58030/__cypress/runner/cypress_runner.js:132448:16)\n    at tryCatcher (http://localhost:58030/__cypress/runner/cypress_runner.js:167415:23)\n    at Promise._settlePromiseFromHandler (http://localhost:58030/__cypress/runner/cypress_runner.js:165351:31)\n    at Promise._settlePromise (http://localhost:58030/__cypress/runner/cypress_runner.js:165408:18)\n    at Promise._settlePromise0 (http://localhost:58030/__cypress/runner/cypress_runner.js:165453:10)\n    at Promise._settlePromises (http://localhost:58030/__cypress/runner/cypress_runner.js:165528:18)\n    at Async../node_modules/bluebird/js/release/async.js.Async._drainQueue (http://localhost:58030/__cypress/runner/cypress_runner.js:162140:16)\n    at Async../node_modules/bluebird/js/release/async.js.Async._drainQueues (http://localhost:58030/__cypress/runner/cypress_runner.js:162150:10)\n    at Async.drainQueues (http://localhost:58030/__cypress/runner/cypress_runner.js:162024:14)",
                "diff": null
              },
              "uuid": "d871807a-9492-4cd1-b358-ac4558c835f4",
              "parentUUID": "9da233ad-7cf7-4a00-995d-4f2bc8862345",
              "isHook": false,
              "skipped": false
            }
          ],
          "suites": [],
          "passes": [
            "ac2ce350-2186-425f-963d-5719a5687b4e",
            "ea0d6e2e-63ee-464d-8128-3b2e25a069c9"
          ],
          "failures": [
            "68c12e46-120e-41ba-8b9d-80afbfe7031b",
            "d871807a-9492-4cd1-b358-ac4558c835f4"
          ],
          "pending": [],
          "skipped": [],
          "duration": 13242,
          "root": false,
          "rootEmpty": false,
          "_timeout": 2000
        },
        {
          "uuid": "58bb5ca6-0c8a-41c3-8b87-dbca5d4b7420",
          "title": "10 - Faça o quadro de pixels ter seu tamanho definido pelo usuário.",
          "fullFile": "",
          "file": "",
          "beforeHooks": [],
          "afterHooks": [],
          "tests": [
            {
              "title": "Verifica se existe um input com o id `board-size`",
              "fullTitle": "10 - Faça o quadro de pixels ter seu tamanho definido pelo usuário. Verifica se existe um input com o id `board-size`",
              "timedOut": null,
              "duration": 5209,
              "state": "failed",
              "speed": null,
              "pass": false,
              "fail": true,
              "pending": false,
              "context": null,
              "code": "cy.get('#board-size').should('be.visible');",
              "err": {
                "message": "CypressError: Timed out retrying: Expected to find element: '#board-size', but never found it.",
                "estack": "CypressError: Timed out retrying: Expected to find element: '#board-size', but never found it.\n    at cypressErr (http://localhost:58030/__cypress/runner/cypress_runner.js:149934:9)\n    at throwErr (http://localhost:58030/__cypress/runner/cypress_runner.js:149867:11)\n    at Object.throwErrByPath (http://localhost:58030/__cypress/runner/cypress_runner.js:149915:3)\n    at retry (http://localhost:58030/__cypress/runner/cypress_runner.js:144197:19)\n    at onFailFn (http://localhost:58030/__cypress/runner/cypress_runner.js:132448:16)\n    at tryCatcher (http://localhost:58030/__cypress/runner/cypress_runner.js:167415:23)\n    at Promise._settlePromiseFromHandler (http://localhost:58030/__cypress/runner/cypress_runner.js:165351:31)\n    at Promise._settlePromise (http://localhost:58030/__cypress/runner/cypress_runner.js:165408:18)\n    at Promise._settlePromise0 (http://localhost:58030/__cypress/runner/cypress_runner.js:165453:10)\n    at Promise._settlePromises (http://localhost:58030/__cypress/runner/cypress_runner.js:165528:18)\n    at Async../node_modules/bluebird/js/release/async.js.Async._drainQueue (http://localhost:58030/__cypress/runner/cypress_runner.js:162140:16)\n    at Async../node_modules/bluebird/js/release/async.js.Async._drainQueues (http://localhost:58030/__cypress/runner/cypress_runner.js:162150:10)\n    at Async.drainQueues (http://localhost:58030/__cypress/runner/cypress_runner.js:162024:14)",
                "diff": null
              },
              "uuid": "58cbaf1b-d32e-4247-9693-00bda1ca0ce3",
              "parentUUID": "58bb5ca6-0c8a-41c3-8b87-dbca5d4b7420",
              "isHook": false,
              "skipped": false
            },
            {
              "title": "Verifica se existe um botão com o id `generate-board`",
              "fullTitle": "10 - Faça o quadro de pixels ter seu tamanho definido pelo usuário. Verifica se existe um botão com o id `generate-board`",
              "timedOut": null,
              "duration": 5253,
              "state": "failed",
              "speed": null,
              "pass": false,
              "fail": true,
              "pending": false,
              "context": null,
              "code": "cy.get('#generate-board').should('be.visible');",
              "err": {
                "message": "CypressError: Timed out retrying: Expected to find element: '#generate-board', but never found it.",
                "estack": "CypressError: Timed out retrying: Expected to find element: '#generate-board', but never found it.\n    at cypressErr (http://localhost:58030/__cypress/runner/cypress_runner.js:149934:9)\n    at throwErr (http://localhost:58030/__cypress/runner/cypress_runner.js:149867:11)\n    at Object.throwErrByPath (http://localhost:58030/__cypress/runner/cypress_runner.js:149915:3)\n    at retry (http://localhost:58030/__cypress/runner/cypress_runner.js:144197:19)\n    at onFailFn (http://localhost:58030/__cypress/runner/cypress_runner.js:132448:16)\n    at tryCatcher (http://localhost:58030/__cypress/runner/cypress_runner.js:167415:23)\n    at Promise._settlePromiseFromHandler (http://localhost:58030/__cypress/runner/cypress_runner.js:165351:31)\n    at Promise._settlePromise (http://localhost:58030/__cypress/runner/cypress_runner.js:165408:18)\n    at Promise._settlePromise0 (http://localhost:58030/__cypress/runner/cypress_runner.js:165453:10)\n    at Promise._settlePromises (http://localhost:58030/__cypress/runner/cypress_runner.js:165528:18)\n    at Async../node_modules/bluebird/js/release/async.js.Async._drainQueue (http://localhost:58030/__cypress/runner/cypress_runner.js:162140:16)\n    at Async../node_modules/bluebird/js/release/async.js.Async._drainQueues (http://localhost:58030/__cypress/runner/cypress_runner.js:162150:10)\n    at Async.drainQueues (http://localhost:58030/__cypress/runner/cypress_runner.js:162024:14)",
                "diff": null
              },
              "uuid": "8886b394-d578-4844-852e-f4e61cda6b41",
              "parentUUID": "58bb5ca6-0c8a-41c3-8b87-dbca5d4b7420",
              "isHook": false,
              "skipped": false
            },
            {
              "title": "Verifica se o input só aceita número maiores que zero. Essa restrição deve ser feita usando os atributos do elemento `input`",
              "fullTitle": "10 - Faça o quadro de pixels ter seu tamanho definido pelo usuário. Verifica se o input só aceita número maiores que zero. Essa restrição deve ser feita usando os atributos do elemento `input`",
              "timedOut": null,
              "duration": 5085,
              "state": "failed",
              "speed": null,
              "pass": false,
              "fail": true,
              "pending": false,
              "context": null,
              "code": "cy.get('#board-size[type=\\'number\\'][min=\\'1\\']');",
              "err": {
                "message": "CypressError: Timed out retrying: Expected to find element: '#board-size[type='number'][min='1']', but never found it.",
                "estack": "CypressError: Timed out retrying: Expected to find element: '#board-size[type='number'][min='1']', but never found it.\n    at cypressErr (http://localhost:58030/__cypress/runner/cypress_runner.js:149934:9)\n    at throwErr (http://localhost:58030/__cypress/runner/cypress_runner.js:149867:11)\n    at Object.throwErrByPath (http://localhost:58030/__cypress/runner/cypress_runner.js:149915:3)\n    at retry (http://localhost:58030/__cypress/runner/cypress_runner.js:144197:19)\n    at onFailFn (http://localhost:58030/__cypress/runner/cypress_runner.js:132448:16)\n    at tryCatcher (http://localhost:58030/__cypress/runner/cypress_runner.js:167415:23)\n    at Promise._settlePromiseFromHandler (http://localhost:58030/__cypress/runner/cypress_runner.js:165351:31)\n    at Promise._settlePromise (http://localhost:58030/__cypress/runner/cypress_runner.js:165408:18)\n    at Promise._settlePromise0 (http://localhost:58030/__cypress/runner/cypress_runner.js:165453:10)\n    at Promise._settlePromises (http://localhost:58030/__cypress/runner/cypress_runner.js:165528:18)\n    at Async../node_modules/bluebird/js/release/async.js.Async._drainQueue (http://localhost:58030/__cypress/runner/cypress_runner.js:162140:16)\n    at Async../node_modules/bluebird/js/release/async.js.Async._drainQueues (http://localhost:58030/__cypress/runner/cypress_runner.js:162150:10)\n    at Async.drainQueues (http://localhost:58030/__cypress/runner/cypress_runner.js:162024:14)",
                "diff": null
              },
              "uuid": "0539d0be-22ec-45ff-a26f-edad58623ab5",
              "parentUUID": "58bb5ca6-0c8a-41c3-8b87-dbca5d4b7420",
              "isHook": false,
              "skipped": false
            },
            {
              "title": "Verifica se o botão contém o texto 'VQV'",
              "fullTitle": "10 - Faça o quadro de pixels ter seu tamanho definido pelo usuário. Verifica se o botão contém o texto 'VQV'",
              "timedOut": null,
              "duration": 5407,
              "state": "failed",
              "speed": null,
              "pass": false,
              "fail": true,
              "pending": false,
              "context": null,
              "code": "cy.get('#generate-board').contains(/vqv/i);",
              "err": {
                "message": "CypressError: Timed out retrying: Expected to find element: '#generate-board', but never found it.",
                "estack": "CypressError: Timed out retrying: Expected to find element: '#generate-board', but never found it.\n    at cypressErr (http://localhost:58030/__cypress/runner/cypress_runner.js:149934:9)\n    at throwErr (http://localhost:58030/__cypress/runner/cypress_runner.js:149867:11)\n    at Object.throwErrByPath (http://localhost:58030/__cypress/runner/cypress_runner.js:149915:3)\n    at retry (http://localhost:58030/__cypress/runner/cypress_runner.js:144197:19)\n    at onFailFn (http://localhost:58030/__cypress/runner/cypress_runner.js:132448:16)\n    at tryCatcher (http://localhost:58030/__cypress/runner/cypress_runner.js:167415:23)\n    at Promise._settlePromiseFromHandler (http://localhost:58030/__cypress/runner/cypress_runner.js:165351:31)\n    at Promise._settlePromise (http://localhost:58030/__cypress/runner/cypress_runner.js:165408:18)\n    at Promise._settlePromise0 (http://localhost:58030/__cypress/runner/cypress_runner.js:165453:10)\n    at Promise._settlePromises (http://localhost:58030/__cypress/runner/cypress_runner.js:165528:18)\n    at Async../node_modules/bluebird/js/release/async.js.Async._drainQueue (http://localhost:58030/__cypress/runner/cypress_runner.js:162140:16)\n    at Async../node_modules/bluebird/js/release/async.js.Async._drainQueues (http://localhost:58030/__cypress/runner/cypress_runner.js:162150:10)\n    at Async.drainQueues (http://localhost:58030/__cypress/runner/cypress_runner.js:162024:14)",
                "diff": null
              },
              "uuid": "5c7a5296-1fe1-43a6-a42a-fdbac97509e7",
              "parentUUID": "58bb5ca6-0c8a-41c3-8b87-dbca5d4b7420",
              "isHook": false,
              "skipped": false
            },
            {
              "title": "Verifica se o input está posicionado entre a paleta de cores e o quadro de pixels",
              "fullTitle": "10 - Faça o quadro de pixels ter seu tamanho definido pelo usuário. Verifica se o input está posicionado entre a paleta de cores e o quadro de pixels",
              "timedOut": null,
              "duration": 4973,
              "state": "failed",
              "speed": null,
              "pass": false,
              "fail": true,
              "pending": false,
              "context": null,
              "code": "cy.get('#color-palette').then(function (palette) {\n  cy.get('#board-size').should('be.belowOf', palette);\n});\ncy.get('#board-size').then(function (palette) {\n  cy.get('#pixel-board').should('be.belowOf', palette);\n});",
              "err": {
                "message": "CypressError: Timed out retrying: Expected to find element: '#board-size', but never found it.",
                "estack": "CypressError: Timed out retrying: Expected to find element: '#board-size', but never found it.\n    at cypressErr (http://localhost:58030/__cypress/runner/cypress_runner.js:149934:9)\n    at throwErr (http://localhost:58030/__cypress/runner/cypress_runner.js:149867:11)\n    at Object.throwErrByPath (http://localhost:58030/__cypress/runner/cypress_runner.js:149915:3)\n    at retry (http://localhost:58030/__cypress/runner/cypress_runner.js:144197:19)\n    at onFailFn (http://localhost:58030/__cypress/runner/cypress_runner.js:132448:16)\n    at tryCatcher (http://localhost:58030/__cypress/runner/cypress_runner.js:167415:23)\n    at Promise._settlePromiseFromHandler (http://localhost:58030/__cypress/runner/cypress_runner.js:165351:31)\n    at Promise._settlePromise (http://localhost:58030/__cypress/runner/cypress_runner.js:165408:18)\n    at Promise._settlePromise0 (http://localhost:58030/__cypress/runner/cypress_runner.js:165453:10)\n    at Promise._settlePromises (http://localhost:58030/__cypress/runner/cypress_runner.js:165528:18)\n    at Async../node_modules/bluebird/js/release/async.js.Async._drainQueue (http://localhost:58030/__cypress/runner/cypress_runner.js:162140:16)\n    at Async../node_modules/bluebird/js/release/async.js.Async._drainQueues (http://localhost:58030/__cypress/runner/cypress_runner.js:162150:10)\n    at Async.drainQueues (http://localhost:58030/__cypress/runner/cypress_runner.js:162024:14)",
                "diff": null
              },
              "uuid": "a1bf3803-49ba-41b5-bfbe-036d62d16ab9",
              "parentUUID": "58bb5ca6-0c8a-41c3-8b87-dbca5d4b7420",
              "isHook": false,
              "skipped": false
            },
            {
              "title": "Verifica se o botão está posicionado ao lado do input",
              "fullTitle": "10 - Faça o quadro de pixels ter seu tamanho definido pelo usuário. Verifica se o botão está posicionado ao lado do input",
              "timedOut": null,
              "duration": 5298,
              "state": "failed",
              "speed": null,
              "pass": false,
              "fail": true,
              "pending": false,
              "context": null,
              "code": "cy.get('#board-size').then(function (board) {\n  cy.get('#generate-board').should('be.onTheRightOf', board);\n});",
              "err": {
                "message": "CypressError: Timed out retrying: Expected to find element: '#board-size', but never found it.",
                "estack": "CypressError: Timed out retrying: Expected to find element: '#board-size', but never found it.\n    at cypressErr (http://localhost:58030/__cypress/runner/cypress_runner.js:149934:9)\n    at throwErr (http://localhost:58030/__cypress/runner/cypress_runner.js:149867:11)\n    at Object.throwErrByPath (http://localhost:58030/__cypress/runner/cypress_runner.js:149915:3)\n    at retry (http://localhost:58030/__cypress/runner/cypress_runner.js:144197:19)\n    at onFailFn (http://localhost:58030/__cypress/runner/cypress_runner.js:132448:16)\n    at tryCatcher (http://localhost:58030/__cypress/runner/cypress_runner.js:167415:23)\n    at Promise._settlePromiseFromHandler (http://localhost:58030/__cypress/runner/cypress_runner.js:165351:31)\n    at Promise._settlePromise (http://localhost:58030/__cypress/runner/cypress_runner.js:165408:18)\n    at Promise._settlePromise0 (http://localhost:58030/__cypress/runner/cypress_runner.js:165453:10)\n    at Promise._settlePromises (http://localhost:58030/__cypress/runner/cypress_runner.js:165528:18)\n    at Async../node_modules/bluebird/js/release/async.js.Async._drainQueue (http://localhost:58030/__cypress/runner/cypress_runner.js:162140:16)\n    at Async../node_modules/bluebird/js/release/async.js.Async._drainQueues (http://localhost:58030/__cypress/runner/cypress_runner.js:162150:10)\n    at Async.drainQueues (http://localhost:58030/__cypress/runner/cypress_runner.js:162024:14)",
                "diff": null
              },
              "uuid": "74a762de-8ddb-4b17-b9d0-1facb91759ab",
              "parentUUID": "58bb5ca6-0c8a-41c3-8b87-dbca5d4b7420",
              "isHook": false,
              "skipped": false
            },
            {
              "title": "Verifica se nenhum valor for colocado no input ao clicar no botão, um `alert` é exibido com o texto: 'Board inválido!'",
              "fullTitle": "10 - Faça o quadro de pixels ter seu tamanho definido pelo usuário. Verifica se nenhum valor for colocado no input ao clicar no botão, um `alert` é exibido com o texto: 'Board inválido!'",
              "timedOut": null,
              "duration": 5290,
              "state": "failed",
              "speed": null,
              "pass": false,
              "fail": true,
              "pending": false,
              "context": null,
              "code": "var alerted = false;\ncy.on('window:alert', function (msg) {\n  return alerted = msg;\n});\ncy.get('#generate-board').click().then(function () {\n  return expect(alerted).to.match(/Board inválido!/i);\n});",
              "err": {
                "message": "CypressError: Timed out retrying: Expected to find element: '#generate-board', but never found it.",
                "estack": "CypressError: Timed out retrying: Expected to find element: '#generate-board', but never found it.\n    at cypressErr (http://localhost:58030/__cypress/runner/cypress_runner.js:149934:9)\n    at throwErr (http://localhost:58030/__cypress/runner/cypress_runner.js:149867:11)\n    at Object.throwErrByPath (http://localhost:58030/__cypress/runner/cypress_runner.js:149915:3)\n    at retry (http://localhost:58030/__cypress/runner/cypress_runner.js:144197:19)\n    at onFailFn (http://localhost:58030/__cypress/runner/cypress_runner.js:132448:16)\n    at tryCatcher (http://localhost:58030/__cypress/runner/cypress_runner.js:167415:23)\n    at Promise._settlePromiseFromHandler (http://localhost:58030/__cypress/runner/cypress_runner.js:165351:31)\n    at Promise._settlePromise (http://localhost:58030/__cypress/runner/cypress_runner.js:165408:18)\n    at Promise._settlePromise0 (http://localhost:58030/__cypress/runner/cypress_runner.js:165453:10)\n    at Promise._settlePromises (http://localhost:58030/__cypress/runner/cypress_runner.js:165528:18)\n    at Async../node_modules/bluebird/js/release/async.js.Async._drainQueue (http://localhost:58030/__cypress/runner/cypress_runner.js:162140:16)\n    at Async../node_modules/bluebird/js/release/async.js.Async._drainQueues (http://localhost:58030/__cypress/runner/cypress_runner.js:162150:10)\n    at Async.drainQueues (http://localhost:58030/__cypress/runner/cypress_runner.js:162024:14)",
                "diff": null
              },
              "uuid": "8bc4ad69-9408-4b8e-9584-970a168abe16",
              "parentUUID": "58bb5ca6-0c8a-41c3-8b87-dbca5d4b7420",
              "isHook": false,
              "skipped": false
            },
            {
              "title": "Verifica se ao clicar no botão com um valor preenchido, o tamanho do board muda.",
              "fullTitle": "10 - Faça o quadro de pixels ter seu tamanho definido pelo usuário. Verifica se ao clicar no botão com um valor preenchido, o tamanho do board muda.",
              "timedOut": null,
              "duration": 5257,
              "state": "failed",
              "speed": null,
              "pass": false,
              "fail": true,
              "pending": false,
              "context": null,
              "code": "cy.get('#board-size').clear().type(10);\ncy.get('#generate-board').click();\ncy.get('.pixel').should('have.length', 100);",
              "err": {
                "message": "CypressError: Timed out retrying: Expected to find element: '#board-size', but never found it.",
                "estack": "CypressError: Timed out retrying: Expected to find element: '#board-size', but never found it.\n    at cypressErr (http://localhost:58030/__cypress/runner/cypress_runner.js:149934:9)\n    at throwErr (http://localhost:58030/__cypress/runner/cypress_runner.js:149867:11)\n    at Object.throwErrByPath (http://localhost:58030/__cypress/runner/cypress_runner.js:149915:3)\n    at retry (http://localhost:58030/__cypress/runner/cypress_runner.js:144197:19)\n    at onFailFn (http://localhost:58030/__cypress/runner/cypress_runner.js:132448:16)\n    at tryCatcher (http://localhost:58030/__cypress/runner/cypress_runner.js:167415:23)\n    at Promise._settlePromiseFromHandler (http://localhost:58030/__cypress/runner/cypress_runner.js:165351:31)\n    at Promise._settlePromise (http://localhost:58030/__cypress/runner/cypress_runner.js:165408:18)\n    at Promise._settlePromise0 (http://localhost:58030/__cypress/runner/cypress_runner.js:165453:10)\n    at Promise._settlePromises (http://localhost:58030/__cypress/runner/cypress_runner.js:165528:18)\n    at Async../node_modules/bluebird/js/release/async.js.Async._drainQueue (http://localhost:58030/__cypress/runner/cypress_runner.js:162140:16)\n    at Async../node_modules/bluebird/js/release/async.js.Async._drainQueues (http://localhost:58030/__cypress/runner/cypress_runner.js:162150:10)\n    at Async.drainQueues (http://localhost:58030/__cypress/runner/cypress_runner.js:162024:14)",
                "diff": null
              },
              "uuid": "5c22e46a-c61b-4b91-9090-c6c6a19e006f",
              "parentUUID": "58bb5ca6-0c8a-41c3-8b87-dbca5d4b7420",
              "isHook": false,
              "skipped": false
            },
            {
              "title": "Verifica se o novo quadro tem todos os pixels preenchidos com a cor branca",
              "fullTitle": "10 - Faça o quadro de pixels ter seu tamanho definido pelo usuário. Verifica se o novo quadro tem todos os pixels preenchidos com a cor branca",
              "timedOut": null,
              "duration": 5400,
              "state": "failed",
              "speed": null,
              "pass": false,
              "fail": true,
              "pending": false,
              "context": null,
              "code": "cy.get('#board-size').clear().type(6);\ncy.get('#generate-board').click();\ncy.get('.pixel').should('have.length', 36).each(function (pixel) {\n  expect(pixel).to.have.css('background-color', WHITE);\n});",
              "err": {
                "message": "CypressError: Timed out retrying: Expected to find element: '#board-size', but never found it.",
                "estack": "CypressError: Timed out retrying: Expected to find element: '#board-size', but never found it.\n    at cypressErr (http://localhost:58030/__cypress/runner/cypress_runner.js:149934:9)\n    at throwErr (http://localhost:58030/__cypress/runner/cypress_runner.js:149867:11)\n    at Object.throwErrByPath (http://localhost:58030/__cypress/runner/cypress_runner.js:149915:3)\n    at retry (http://localhost:58030/__cypress/runner/cypress_runner.js:144197:19)\n    at onFailFn (http://localhost:58030/__cypress/runner/cypress_runner.js:132448:16)\n    at tryCatcher (http://localhost:58030/__cypress/runner/cypress_runner.js:167415:23)\n    at Promise._settlePromiseFromHandler (http://localhost:58030/__cypress/runner/cypress_runner.js:165351:31)\n    at Promise._settlePromise (http://localhost:58030/__cypress/runner/cypress_runner.js:165408:18)\n    at Promise._settlePromise0 (http://localhost:58030/__cypress/runner/cypress_runner.js:165453:10)\n    at Promise._settlePromises (http://localhost:58030/__cypress/runner/cypress_runner.js:165528:18)\n    at Async../node_modules/bluebird/js/release/async.js.Async._drainQueue (http://localhost:58030/__cypress/runner/cypress_runner.js:162140:16)\n    at Async../node_modules/bluebird/js/release/async.js.Async._drainQueues (http://localhost:58030/__cypress/runner/cypress_runner.js:162150:10)\n    at Async.drainQueues (http://localhost:58030/__cypress/runner/cypress_runner.js:162024:14)",
                "diff": null
              },
              "uuid": "1f568cc1-e2f3-4931-8c30-81b4ee60156a",
              "parentUUID": "58bb5ca6-0c8a-41c3-8b87-dbca5d4b7420",
              "isHook": false,
              "skipped": false
            }
          ],
          "suites": [],
          "passes": [],
          "failures": [
            "58cbaf1b-d32e-4247-9693-00bda1ca0ce3",
            "8886b394-d578-4844-852e-f4e61cda6b41",
            "0539d0be-22ec-45ff-a26f-edad58623ab5",
            "5c7a5296-1fe1-43a6-a42a-fdbac97509e7",
            "a1bf3803-49ba-41b5-bfbe-036d62d16ab9",
            "74a762de-8ddb-4b17-b9d0-1facb91759ab",
            "8bc4ad69-9408-4b8e-9584-970a168abe16",
            "5c22e46a-c61b-4b91-9090-c6c6a19e006f",
            "1f568cc1-e2f3-4931-8c30-81b4ee60156a"
          ],
          "pending": [],
          "skipped": [],
          "duration": 47172,
          "root": false,
          "rootEmpty": false,
          "_timeout": 2000
        },
        {
          "uuid": "7931b9d4-cdcd-4997-975f-fdccb236a552",
          "title": "11 - Limite o tamanho mínimo e máximo do board.",
          "fullFile": "",
          "file": "",
          "beforeHooks": [],
          "afterHooks": [],
          "tests": [
            {
              "title": "Verifica se a altura máxima do board é 50",
              "fullTitle": "11 - Limite o tamanho mínimo e máximo do board. Verifica se a altura máxima do board é 50",
              "timedOut": null,
              "duration": 5437,
              "state": "failed",
              "speed": null,
              "pass": false,
              "fail": true,
              "pending": false,
              "context": null,
              "code": "cy.get('#board-size').clear().type(50);\ncy.get('#generate-board').click();\ncy.get('.pixel').should('have.length', 2500);",
              "err": {
                "message": "CypressError: Timed out retrying: Expected to find element: '#board-size', but never found it.",
                "estack": "CypressError: Timed out retrying: Expected to find element: '#board-size', but never found it.\n    at cypressErr (http://localhost:58030/__cypress/runner/cypress_runner.js:149934:9)\n    at throwErr (http://localhost:58030/__cypress/runner/cypress_runner.js:149867:11)\n    at Object.throwErrByPath (http://localhost:58030/__cypress/runner/cypress_runner.js:149915:3)\n    at retry (http://localhost:58030/__cypress/runner/cypress_runner.js:144197:19)\n    at onFailFn (http://localhost:58030/__cypress/runner/cypress_runner.js:132448:16)\n    at tryCatcher (http://localhost:58030/__cypress/runner/cypress_runner.js:167415:23)\n    at Promise._settlePromiseFromHandler (http://localhost:58030/__cypress/runner/cypress_runner.js:165351:31)\n    at Promise._settlePromise (http://localhost:58030/__cypress/runner/cypress_runner.js:165408:18)\n    at Promise._settlePromise0 (http://localhost:58030/__cypress/runner/cypress_runner.js:165453:10)\n    at Promise._settlePromises (http://localhost:58030/__cypress/runner/cypress_runner.js:165528:18)\n    at Async../node_modules/bluebird/js/release/async.js.Async._drainQueue (http://localhost:58030/__cypress/runner/cypress_runner.js:162140:16)\n    at Async../node_modules/bluebird/js/release/async.js.Async._drainQueues (http://localhost:58030/__cypress/runner/cypress_runner.js:162150:10)\n    at Async.drainQueues (http://localhost:58030/__cypress/runner/cypress_runner.js:162024:14)",
                "diff": null
              },
              "uuid": "8884476d-1f1e-4cde-abaf-4fd77700e01f",
              "parentUUID": "7931b9d4-cdcd-4997-975f-fdccb236a552",
              "isHook": false,
              "skipped": false
            },
            {
              "title": "Verifica se a altura do board é 5 quando um valor menor é colocado no input",
              "fullTitle": "11 - Limite o tamanho mínimo e máximo do board. Verifica se a altura do board é 5 quando um valor menor é colocado no input",
              "timedOut": null,
              "duration": 5517,
              "state": "failed",
              "speed": null,
              "pass": false,
              "fail": true,
              "pending": false,
              "context": null,
              "code": "cy.get('#board-size').clear().type(4);\ncy.get('#generate-board').click();\ncy.get('.pixel').should('have.length', 25);",
              "err": {
                "message": "CypressError: Timed out retrying: Expected to find element: '#board-size', but never found it.",
                "estack": "CypressError: Timed out retrying: Expected to find element: '#board-size', but never found it.\n    at cypressErr (http://localhost:58030/__cypress/runner/cypress_runner.js:149934:9)\n    at throwErr (http://localhost:58030/__cypress/runner/cypress_runner.js:149867:11)\n    at Object.throwErrByPath (http://localhost:58030/__cypress/runner/cypress_runner.js:149915:3)\n    at retry (http://localhost:58030/__cypress/runner/cypress_runner.js:144197:19)\n    at onFailFn (http://localhost:58030/__cypress/runner/cypress_runner.js:132448:16)\n    at tryCatcher (http://localhost:58030/__cypress/runner/cypress_runner.js:167415:23)\n    at Promise._settlePromiseFromHandler (http://localhost:58030/__cypress/runner/cypress_runner.js:165351:31)\n    at Promise._settlePromise (http://localhost:58030/__cypress/runner/cypress_runner.js:165408:18)\n    at Promise._settlePromise0 (http://localhost:58030/__cypress/runner/cypress_runner.js:165453:10)\n    at Promise._settlePromises (http://localhost:58030/__cypress/runner/cypress_runner.js:165528:18)\n    at Async../node_modules/bluebird/js/release/async.js.Async._drainQueue (http://localhost:58030/__cypress/runner/cypress_runner.js:162140:16)\n    at Async../node_modules/bluebird/js/release/async.js.Async._drainQueues (http://localhost:58030/__cypress/runner/cypress_runner.js:162150:10)\n    at Async.drainQueues (http://localhost:58030/__cypress/runner/cypress_runner.js:162024:14)",
                "diff": null
              },
              "uuid": "5ca4b17e-9593-45ac-85a4-b9c7028fc0db",
              "parentUUID": "7931b9d4-cdcd-4997-975f-fdccb236a552",
              "isHook": false,
              "skipped": false
            },
            {
              "title": "Verifica se a altura do board é 50 quando um valor maior é colocado no input",
              "fullTitle": "11 - Limite o tamanho mínimo e máximo do board. Verifica se a altura do board é 50 quando um valor maior é colocado no input",
              "timedOut": null,
              "duration": 5742,
              "state": "failed",
              "speed": null,
              "pass": false,
              "fail": true,
              "pending": false,
              "context": null,
              "code": "cy.get('#board-size').clear().type(51);\ncy.get('#generate-board').click();\ncy.get('.pixel').should('have.length', 2500);",
              "err": {
                "message": "CypressError: Timed out retrying: Expected to find element: '#board-size', but never found it.",
                "estack": "CypressError: Timed out retrying: Expected to find element: '#board-size', but never found it.\n    at cypressErr (http://localhost:58030/__cypress/runner/cypress_runner.js:149934:9)\n    at throwErr (http://localhost:58030/__cypress/runner/cypress_runner.js:149867:11)\n    at Object.throwErrByPath (http://localhost:58030/__cypress/runner/cypress_runner.js:149915:3)\n    at retry (http://localhost:58030/__cypress/runner/cypress_runner.js:144197:19)\n    at onFailFn (http://localhost:58030/__cypress/runner/cypress_runner.js:132448:16)\n    at tryCatcher (http://localhost:58030/__cypress/runner/cypress_runner.js:167415:23)\n    at Promise._settlePromiseFromHandler (http://localhost:58030/__cypress/runner/cypress_runner.js:165351:31)\n    at Promise._settlePromise (http://localhost:58030/__cypress/runner/cypress_runner.js:165408:18)\n    at Promise._settlePromise0 (http://localhost:58030/__cypress/runner/cypress_runner.js:165453:10)\n    at Promise._settlePromises (http://localhost:58030/__cypress/runner/cypress_runner.js:165528:18)\n    at Async../node_modules/bluebird/js/release/async.js.Async._drainQueue (http://localhost:58030/__cypress/runner/cypress_runner.js:162140:16)\n    at Async../node_modules/bluebird/js/release/async.js.Async._drainQueues (http://localhost:58030/__cypress/runner/cypress_runner.js:162150:10)\n    at Async.drainQueues (http://localhost:58030/__cypress/runner/cypress_runner.js:162024:14)",
                "diff": null
              },
              "uuid": "124ffde4-3765-47a4-8a79-96e760963c33",
              "parentUUID": "7931b9d4-cdcd-4997-975f-fdccb236a552",
              "isHook": false,
              "skipped": false
            }
          ],
          "suites": [],
          "passes": [],
          "failures": [
            "8884476d-1f1e-4cde-abaf-4fd77700e01f",
            "5ca4b17e-9593-45ac-85a4-b9c7028fc0db",
            "124ffde4-3765-47a4-8a79-96e760963c33"
          ],
          "pending": [],
          "skipped": [],
          "duration": 16696,
          "root": false,
          "rootEmpty": false,
          "_timeout": 2000
        },
        {
          "uuid": "fd3f3e2a-16ea-41f0-93df-ba5246229228",
          "title": "12 - Faça com que as cores da paleta sejam geradas aleatoriamente ao carregar a página.",
          "fullFile": "",
          "file": "",
          "beforeHooks": [],
          "afterHooks": [],
          "tests": [
            {
              "title": "Verifica se as cores geradas na paleta são diferentes a cada carregamento da página",
              "fullTitle": "12 - Faça com que as cores da paleta sejam geradas aleatoriamente ao carregar a página. Verifica se as cores geradas na paleta são diferentes a cada carregamento da página",
              "timedOut": null,
              "duration": 2242,
              "state": "failed",
              "speed": null,
              "pass": false,
              "fail": true,
              "pending": false,
              "context": null,
              "code": "cy.get('.color').then(function (colors) {\n  var currentColors;\n  var previousColors;\n  previousColors = Array.from(colors).map(function (color) {\n    return Cypress.$(color).css('background-color');\n  });\n  for (var i = 0; i < 5; i += 1) {\n    cy.reload();\n    cy.get('.color').then(function (colors) {\n      currentColors = Array.from(colors).map(function (color) {\n        return Cypress.$(color).css('background-color');\n      });\n      expect(currentColors).not.to.deep.equal(previousColors);\n      previousColors = currentColors;\n    });\n  }\n});",
              "err": {
                "message": "AssertionError: expected [ Array(4) ] to not deeply equal [ Array(4) ]",
                "estack": "AssertionError: expected [ Array(4) ] to not deeply equal [ Array(4) ]\n    at getRet (http://localhost:58030/__cypress/runner/cypress_runner.js:136585:16)\n    at tryCatcher (http://localhost:58030/__cypress/runner/cypress_runner.js:167415:23)\n    at Function.Promise.attempt.Promise.try (http://localhost:58030/__cypress/runner/cypress_runner.js:164690:29)\n    at Context.thenFn (http://localhost:58030/__cypress/runner/cypress_runner.js:136599:23)\n    at Context.then (http://localhost:58030/__cypress/runner/cypress_runner.js:136971:21)\n    at Context.<anonymous> (http://localhost:58030/__cypress/runner/cypress_runner.js:148875:21)\n    at http://localhost:58030/__cypress/runner/cypress_runner.js:148351:33\n    at tryCatcher (http://localhost:58030/__cypress/runner/cypress_runner.js:167415:23)\n    at Promise._settlePromiseFromHandler (http://localhost:58030/__cypress/runner/cypress_runner.js:165351:31)\n    at Promise._settlePromise (http://localhost:58030/__cypress/runner/cypress_runner.js:165408:18)\n    at Promise._settlePromiseCtx (http://localhost:58030/__cypress/runner/cypress_runner.js:165445:10)\n    at Async../node_modules/bluebird/js/release/async.js.Async._drainQueue (http://localhost:58030/__cypress/runner/cypress_runner.js:162145:12)\n    at Async../node_modules/bluebird/js/release/async.js.Async._drainQueues (http://localhost:58030/__cypress/runner/cypress_runner.js:162150:10)\n    at Async.drainQueues (http://localhost:58030/__cypress/runner/cypress_runner.js:162024:14)",
                "diff": ""
              },
              "uuid": "0ff375b9-e45a-486c-9fd7-e818e297c320",
              "parentUUID": "fd3f3e2a-16ea-41f0-93df-ba5246229228",
              "isHook": false,
              "skipped": false
            },
            {
              "title": "Verifica se a cor preta ainda está presente e é a primeira na sua paleta de cores",
              "fullTitle": "12 - Faça com que as cores da paleta sejam geradas aleatoriamente ao carregar a página. Verifica se a cor preta ainda está presente e é a primeira na sua paleta de cores",
              "timedOut": null,
              "duration": 1779,
              "state": "failed",
              "speed": null,
              "pass": false,
              "fail": true,
              "pending": false,
              "context": null,
              "code": "cy.get('.color').then(function (colors) {\n  var currentColors;\n  var previousColors;\n  previousColors = Array.from(colors).map(function (color) {\n    return Cypress.$(color).css('background-color');\n  });\n  expect(previousColors[0]).to.eq(BLACK);\n  for (var i = 0; i < 5; i += 1) {\n    cy.reload();\n    cy.get('.color').then(function (colors) {\n      currentColors = Array.from(colors).map(function (color) {\n        return Cypress.$(color).css('background-color');\n      });\n      expect(currentColors[0]).to.eq(BLACK);\n      expect(currentColors).not.to.deep.equal(previousColors);\n      previousColors = currentColors;\n    });\n  }\n});",
              "err": {
                "message": "AssertionError: expected [ Array(4) ] to not deeply equal [ Array(4) ]",
                "estack": "AssertionError: expected [ Array(4) ] to not deeply equal [ Array(4) ]\n    at getRet (http://localhost:58030/__cypress/runner/cypress_runner.js:136585:16)\n    at tryCatcher (http://localhost:58030/__cypress/runner/cypress_runner.js:167415:23)\n    at Function.Promise.attempt.Promise.try (http://localhost:58030/__cypress/runner/cypress_runner.js:164690:29)\n    at Context.thenFn (http://localhost:58030/__cypress/runner/cypress_runner.js:136599:23)\n    at Context.then (http://localhost:58030/__cypress/runner/cypress_runner.js:136971:21)\n    at Context.<anonymous> (http://localhost:58030/__cypress/runner/cypress_runner.js:148875:21)\n    at http://localhost:58030/__cypress/runner/cypress_runner.js:148351:33\n    at tryCatcher (http://localhost:58030/__cypress/runner/cypress_runner.js:167415:23)\n    at Promise._settlePromiseFromHandler (http://localhost:58030/__cypress/runner/cypress_runner.js:165351:31)\n    at Promise._settlePromise (http://localhost:58030/__cypress/runner/cypress_runner.js:165408:18)\n    at Promise._settlePromiseCtx (http://localhost:58030/__cypress/runner/cypress_runner.js:165445:10)\n    at Async../node_modules/bluebird/js/release/async.js.Async._drainQueue (http://localhost:58030/__cypress/runner/cypress_runner.js:162145:12)\n    at Async../node_modules/bluebird/js/release/async.js.Async._drainQueues (http://localhost:58030/__cypress/runner/cypress_runner.js:162150:10)\n    at Async.drainQueues (http://localhost:58030/__cypress/runner/cypress_runner.js:162024:14)",
                "diff": ""
              },
              "uuid": "a05f8b5a-429d-48a5-8d8a-b3aaafd5e775",
              "parentUUID": "fd3f3e2a-16ea-41f0-93df-ba5246229228",
              "isHook": false,
              "skipped": false
            }
          ],
          "suites": [],
          "passes": [],
          "failures": [
            "0ff375b9-e45a-486c-9fd7-e818e297c320",
            "a05f8b5a-429d-48a5-8d8a-b3aaafd5e775"
          ],
          "pending": [],
          "skipped": [],
          "duration": 4021,
          "root": false,
          "rootEmpty": false,
          "_timeout": 2000
        }
      ],
      "passes": [],
      "failures": [],
      "pending": [],
      "skipped": [],
      "duration": 0,
      "root": true,
      "rootEmpty": true,
      "_timeout": 2000
    }
  ],
  "meta": {
    "mocha": {
      "version": "7.0.1"
    },
    "mochawesome": {
      "options": {
        "quiet": false,
        "reportFilename": "mochawesome",
        "saveHtml": false,
        "saveJson": true,
        "consoleReporter": "spec",
        "useInlineDiffs": false
      },
      "version": "4.1.0"
    },
    "marge": {
      "options": {
        "id": "default",
        "reportDir": "cypress/reports",
        "overwrite": true,
        "html": false,
        "json": true
      },
      "version": "4.1.0"
    }
  }
}